SF:C:\Repos\UsersCrud\Users\Users.Business\Hash.cs
FN:7,System.Boolean Users.Business.Hash::Verify(System.String,System.String)
FNDA:7,System.Boolean Users.Business.Hash::Verify(System.String,System.String)
DA:8,7
DA:9,7
DA:10,7
FN:12,System.String Users.Business.Hash::Generate(System.String)
FNDA:22,System.String Users.Business.Hash::Generate(System.String)
DA:13,22
DA:14,22
DA:15,22
DA:16,22
LF:7
LH:7
BRF:0
BRH:0
FNF:2
FNH:2
end_of_record
SF:C:\Repos\UsersCrud\Users\Users.Business\Services\LoginService.cs
FN:24,System.String Users.Business.Services.LoginService::Authenticate(Users.Business.Contracts.LoginDto)
FNDA:4,System.String Users.Business.Services.LoginService::Authenticate(Users.Business.Contracts.LoginDto)
DA:25,4
DA:26,4
DA:28,4
DA:29,1
DA:31,3
DA:32,1
DA:34,2
DA:35,1
BRDA:28,25,0,1
BRDA:28,25,1,3
BRDA:31,55,0,1
BRDA:31,55,1,2
FN:37,System.String Users.Business.Services.LoginService::GenerateToken(Users.Business.Models.User)
FNDA:2,System.String Users.Business.Services.LoginService::GenerateToken(Users.Business.Models.User)
DA:38,2
DA:39,2
DA:40,2
DA:41,1
DA:43,1
DA:44,1
DA:45,1
DA:46,1
DA:47,1
DA:49,1
DA:50,1
DA:51,1
DA:52,1
DA:54,1
DA:56,1
DA:57,1
BRDA:40,33,0,1
BRDA:40,33,1,1
FN:59,Users.Business.Contracts.UserDto Users.Business.Services.LoginService::ValidateToken(System.String)
FNDA:6,Users.Business.Contracts.UserDto Users.Business.Services.LoginService::ValidateToken(System.String)
DA:60,6
DA:61,6
DA:62,2
DA:63,2
DA:66,4
DA:67,4
DA:68,1
DA:69,1
DA:73,3
DA:74,3
DA:75,3
DA:76,3
DA:77,3
DA:78,3
DA:79,3
DA:81,3
DA:83,3
DA:84,3
DA:86,3
DA:88,3
DA:89,1
DA:91,1
DA:92,1
DA:93,1
DA:94,1
DA:95,1
DA:96,1
DA:98,1
DA:99,1
DA:100,1
DA:102,5
BRDA:61,9,0,2
BRDA:61,9,1,4
BRDA:67,49,0,1
BRDA:67,49,1,3
BRDA:88,207,0,1
BRDA:88,207,1,1
FN:17,System.Void Users.Business.Services.LoginService::.ctor(Microsoft.Extensions.Configuration.IConfiguration,Users.Business.Interfaces.IUserRepository)
FNDA:9,System.Void Users.Business.Services.LoginService::.ctor(Microsoft.Extensions.Configuration.IConfiguration,Users.Business.Interfaces.IUserRepository)
DA:18,9
DA:19,9
DA:20,9
DA:21,9
DA:22,9
LF:60
LH:60
BRF:12
BRH:12
FNF:4
FNH:4
end_of_record
SF:C:\Repos\UsersCrud\Users\Users.Business\Services\UserService.cs
FN:19,Users.Business.Contracts.UserDto Users.Business.Services.UserService::GetById(System.Guid)
FNDA:2,Users.Business.Contracts.UserDto Users.Business.Services.UserService::GetById(System.Guid)
DA:20,2
DA:21,2
DA:23,2
DA:24,1
DA:26,1
DA:27,1
DA:28,1
DA:29,1
DA:30,1
DA:31,1
DA:32,1
BRDA:23,20,0,1
BRDA:23,20,1,1
FN:34,System.Collections.Generic.List`1<Users.Business.Contracts.UserDto> Users.Business.Services.UserService::GetAll()
FNDA:1,System.Collections.Generic.List`1<Users.Business.Contracts.UserDto> Users.Business.Services.UserService::GetAll()
DA:35,1
DA:36,1
DA:38,3
DA:39,3
DA:40,3
DA:41,3
DA:42,3
DA:43,3
DA:44,1
FN:46,Users.Business.Contracts.UserDto Users.Business.Services.UserService::Create(Users.Business.Contracts.UserCreateDto)
FNDA:2,Users.Business.Contracts.UserDto Users.Business.Services.UserService::Create(Users.Business.Contracts.UserCreateDto)
DA:47,2
DA:48,2
DA:49,2
DA:50,1
DA:51,1
DA:54,1
DA:55,1
DA:57,1
DA:58,1
DA:59,1
DA:60,1
DA:61,1
DA:62,1
DA:63,1
BRDA:48,227,0,1
BRDA:48,227,1,1
FN:65,Users.Business.Contracts.UserDto Users.Business.Services.UserService::Update(Users.Business.Contracts.UserEditDto)
FNDA:4,Users.Business.Contracts.UserDto Users.Business.Services.UserService::Update(Users.Business.Contracts.UserEditDto)
DA:66,4
DA:67,4
DA:69,4
DA:70,1
DA:72,3
DA:73,1
DA:75,2
DA:76,1
DA:78,1
DA:79,1
DA:81,1
DA:83,1
DA:84,1
DA:85,1
DA:86,1
DA:87,1
DA:88,1
DA:89,1
BRDA:69,25,0,1
BRDA:69,25,1,3
BRDA:72,57,0,1
BRDA:72,57,1,2
BRDA:75,87,0,1
BRDA:75,87,1,1
FN:91,System.Void Users.Business.Services.UserService::Delete(System.Guid)
FNDA:2,System.Void Users.Business.Services.UserService::Delete(System.Guid)
DA:92,2
DA:93,2
DA:95,2
DA:96,1
DA:98,1
DA:99,1
BRDA:95,20,0,1
BRDA:95,20,1,1
FN:13,System.Void Users.Business.Services.UserService::.ctor(Users.Business.Interfaces.IUserRepository)
FNDA:11,System.Void Users.Business.Services.UserService::.ctor(Users.Business.Interfaces.IUserRepository)
DA:14,11
DA:15,11
DA:16,11
DA:17,11
LF:62
LH:62
BRF:12
BRH:12
FNF:6
FNH:6
end_of_record
SF:C:\Repos\UsersCrud\Users\Users.Business\Models\Entity.cs
FN:11,System.Guid Users.Business.Models.Entity::get_Id()
FNDA:47,System.Guid Users.Business.Models.Entity::get_Id()
DA:12,47
FN:6,System.Void Users.Business.Models.Entity::.ctor()
FNDA:20,System.Void Users.Business.Models.Entity::.ctor()
DA:7,20
DA:8,20
DA:9,20
DA:10,20
LF:5
LH:5
BRF:0
BRH:0
FNF:2
FNH:2
end_of_record
SF:C:\Repos\UsersCrud\Users\Users.Business\Models\User.cs
FN:14,System.String Users.Business.Models.User::get_Name()
FNDA:29,System.String Users.Business.Models.User::get_Name()
DA:15,29
FN:15,System.String Users.Business.Models.User::get_Login()
FNDA:29,System.String Users.Business.Models.User::get_Login()
DA:16,29
FN:16,System.String Users.Business.Models.User::get_Password()
FNDA:31,System.String Users.Business.Models.User::get_Password()
DA:17,31
FN:19,System.Boolean Users.Business.Models.User::ValidatePassword(System.String)
FNDA:7,System.Boolean Users.Business.Models.User::ValidatePassword(System.String)
DA:20,7
DA:21,7
DA:22,7
FN:24,System.Void Users.Business.Models.User::ChangePassword(System.String)
FNDA:22,System.Void Users.Business.Models.User::ChangePassword(System.String)
DA:25,22
DA:26,22
DA:27,22
FN:29,System.Void Users.Business.Models.User::ChangeName(System.String)
FNDA:2,System.Void Users.Business.Models.User::ChangeName(System.String)
DA:30,2
DA:31,2
DA:32,2
FN:6,System.Void Users.Business.Models.User::.ctor(System.Guid,System.String,System.String,System.String)
FNDA:20,System.Void Users.Business.Models.User::.ctor(System.Guid,System.String,System.String,System.String)
DA:7,20
DA:8,20
DA:9,20
DA:10,20
DA:11,20
DA:12,20
DA:13,20
LF:19
LH:19
BRF:0
BRH:0
FNF:7
FNH:7
end_of_record
SF:C:\Repos\UsersCrud\Users\Users.Business\Contracts\LoginDto.cs
FN:4,System.String Users.Business.Contracts.LoginDto::get_Login()
FNDA:8,System.String Users.Business.Contracts.LoginDto::get_Login()
DA:5,8
FN:5,System.String Users.Business.Contracts.LoginDto::get_Password()
FNDA:7,System.String Users.Business.Contracts.LoginDto::get_Password()
DA:6,7
LF:2
LH:2
BRF:0
BRH:0
FNF:2
FNH:2
end_of_record
SF:C:\Repos\UsersCrud\Users\Users.Business\Contracts\UserCreateDto.cs
FN:4,System.String Users.Business.Contracts.UserCreateDto::get_Name()
FNDA:3,System.String Users.Business.Contracts.UserCreateDto::get_Name()
DA:5,3
FN:5,System.String Users.Business.Contracts.UserCreateDto::get_Login()
FNDA:3,System.String Users.Business.Contracts.UserCreateDto::get_Login()
DA:6,3
FN:6,System.String Users.Business.Contracts.UserCreateDto::get_Password()
FNDA:3,System.String Users.Business.Contracts.UserCreateDto::get_Password()
DA:7,3
LF:3
LH:3
BRF:0
BRH:0
FNF:3
FNH:3
end_of_record
SF:C:\Repos\UsersCrud\Users\Users.Business\Contracts\UserDto.cs
FN:6,System.Guid Users.Business.Contracts.UserDto::get_Id()
FNDA:8,System.Guid Users.Business.Contracts.UserDto::get_Id()
DA:7,8
FN:7,System.String Users.Business.Contracts.UserDto::get_Name()
FNDA:12,System.String Users.Business.Contracts.UserDto::get_Name()
DA:8,12
FN:8,System.String Users.Business.Contracts.UserDto::get_Login()
FNDA:12,System.String Users.Business.Contracts.UserDto::get_Login()
DA:9,12
LF:3
LH:3
BRF:0
BRH:0
FNF:3
FNH:3
end_of_record
SF:C:\Repos\UsersCrud\Users\Users.Business\Contracts\UserEditDto.cs
FN:6,System.Guid Users.Business.Contracts.UserEditDto::get_Id()
FNDA:8,System.Guid Users.Business.Contracts.UserEditDto::get_Id()
DA:7,8
FN:7,System.String Users.Business.Contracts.UserEditDto::get_Name()
FNDA:5,System.String Users.Business.Contracts.UserEditDto::get_Name()
DA:8,5
FN:8,System.String Users.Business.Contracts.UserEditDto::get_OldPassword()
FNDA:6,System.String Users.Business.Contracts.UserEditDto::get_OldPassword()
DA:9,6
FN:9,System.String Users.Business.Contracts.UserEditDto::get_NewPassword()
FNDA:8,System.String Users.Business.Contracts.UserEditDto::get_NewPassword()
DA:10,8
FN:10,System.String Users.Business.Contracts.UserEditDto::get_NewPasswordConfirm()
FNDA:7,System.String Users.Business.Contracts.UserEditDto::get_NewPasswordConfirm()
DA:11,7
LF:5
LH:5
BRF:0
BRH:0
FNF:5
FNH:5
end_of_record