SF:C:\Repos\UsersCrud\Users\Users.Business\Hash.cs
FN:7,System.Boolean Users.Business.Hash::Verify(System.String,System.String)
FNDA:7,System.Boolean Users.Business.Hash::Verify(System.String,System.String)
DA:8,7
DA:9,7
DA:10,7
FN:12,System.String Users.Business.Hash::Generate(System.String)
FNDA:22,System.String Users.Business.Hash::Generate(System.String)
DA:13,22
DA:14,22
DA:15,22
DA:16,22
LF:7
LH:7
BRF:0
BRH:0
FNF:2
FNH:2
end_of_record
SF:C:\Repos\UsersCrud\Users\Users.Business\Services\BaseService.cs
FN:15,System.Void Users.Business.Services.BaseService::Notify(System.String)
FNDA:6,System.Void Users.Business.Services.BaseService::Notify(System.String)
DA:16,6
DA:17,6
DA:18,6
FN:9,System.Void Users.Business.Services.BaseService::.ctor(Users.Business.Interfaces.INotifier)
FNDA:11,System.Void Users.Business.Services.BaseService::.ctor(Users.Business.Interfaces.INotifier)
DA:10,11
DA:11,11
DA:12,11
DA:13,11
LF:7
LH:7
BRF:0
BRH:0
FNF:2
FNH:2
end_of_record
SF:C:\Repos\UsersCrud\Users\Users.Business\Services\LoginService.cs
FN:24,System.String Users.Business.Services.LoginService::Authenticate(Users.Business.Contracts.LoginDto)
FNDA:4,System.String Users.Business.Services.LoginService::Authenticate(Users.Business.Contracts.LoginDto)
DA:25,4
DA:26,4
DA:28,4
DA:29,1
DA:31,3
DA:32,1
DA:34,2
DA:35,1
BRDA:28,25,0,1
BRDA:28,25,1,3
BRDA:31,55,0,1
BRDA:31,55,1,2
FN:37,System.String Users.Business.Services.LoginService::GenerateToken(Users.Business.Models.User)
FNDA:2,System.String Users.Business.Services.LoginService::GenerateToken(Users.Business.Models.User)
DA:38,2
DA:39,2
DA:40,2
DA:41,1
DA:43,1
DA:44,1
DA:45,1
DA:46,1
DA:47,1
DA:49,1
DA:50,1
DA:51,1
DA:52,1
DA:54,1
DA:56,1
DA:57,1
BRDA:40,33,0,1
BRDA:40,33,1,1
FN:59,Users.Business.Contracts.UserDto Users.Business.Services.LoginService::ValidateToken(System.String)
FNDA:6,Users.Business.Contracts.UserDto Users.Business.Services.LoginService::ValidateToken(System.String)
DA:60,6
DA:61,6
DA:62,2
DA:63,2
DA:66,4
DA:67,4
DA:68,1
DA:69,1
DA:73,3
DA:74,3
DA:75,3
DA:76,3
DA:77,3
DA:78,3
DA:79,3
DA:81,3
DA:83,3
DA:84,3
DA:86,3
DA:88,3
DA:89,1
DA:91,1
DA:92,1
DA:93,1
DA:94,1
DA:95,1
DA:96,1
DA:98,1
DA:99,1
DA:100,1
DA:102,5
BRDA:61,9,0,2
BRDA:61,9,1,4
BRDA:67,49,0,1
BRDA:67,49,1,3
BRDA:88,207,0,1
BRDA:88,207,1,1
FN:17,System.Void Users.Business.Services.LoginService::.ctor(Microsoft.Extensions.Configuration.IConfiguration,Users.Business.Interfaces.IUserRepository)
FNDA:9,System.Void Users.Business.Services.LoginService::.ctor(Microsoft.Extensions.Configuration.IConfiguration,Users.Business.Interfaces.IUserRepository)
DA:18,9
DA:19,9
DA:20,9
DA:21,9
DA:22,9
LF:60
LH:60
BRF:12
BRH:12
FNF:4
FNH:4
end_of_record
SF:C:\Repos\UsersCrud\Users\Users.Business\Services\UserService.cs
FN:19,Users.Business.Contracts.UserDto Users.Business.Services.UserService::GetById(System.Guid)
FNDA:2,Users.Business.Contracts.UserDto Users.Business.Services.UserService::GetById(System.Guid)
DA:20,2
DA:21,2
DA:23,2
DA:24,1
DA:25,1
DA:26,1
DA:29,1
DA:30,1
DA:31,1
DA:32,1
DA:33,1
DA:34,1
DA:35,2
BRDA:23,20,0,1
BRDA:23,20,1,1
FN:37,System.Collections.Generic.List`1<Users.Business.Contracts.UserDto> Users.Business.Services.UserService::GetAll()
FNDA:1,System.Collections.Generic.List`1<Users.Business.Contracts.UserDto> Users.Business.Services.UserService::GetAll()
DA:38,1
DA:39,1
DA:41,3
DA:42,3
DA:43,3
DA:44,3
DA:45,3
DA:46,3
DA:47,1
FN:49,Users.Business.Contracts.UserDto Users.Business.Services.UserService::Create(Users.Business.Contracts.UserCreateDto)
FNDA:2,Users.Business.Contracts.UserDto Users.Business.Services.UserService::Create(Users.Business.Contracts.UserCreateDto)
DA:50,2
DA:51,2
DA:52,2
DA:53,1
DA:54,1
DA:55,1
DA:58,1
DA:59,1
DA:61,1
DA:62,1
DA:63,1
DA:64,1
DA:65,1
DA:66,1
DA:67,2
BRDA:51,227,0,1
BRDA:51,227,1,1
FN:69,Users.Business.Contracts.UserDto Users.Business.Services.UserService::Update(Users.Business.Contracts.UserEditDto)
FNDA:4,Users.Business.Contracts.UserDto Users.Business.Services.UserService::Update(Users.Business.Contracts.UserEditDto)
DA:70,4
DA:71,4
DA:73,4
DA:74,1
DA:75,1
DA:76,1
DA:79,3
DA:80,1
DA:81,1
DA:82,1
DA:85,2
DA:86,1
DA:87,1
DA:88,1
DA:91,1
DA:92,1
DA:94,1
DA:96,1
DA:97,1
DA:98,1
DA:99,1
DA:100,1
DA:101,1
DA:102,4
BRDA:73,25,0,1
BRDA:73,25,1,3
BRDA:79,66,0,1
BRDA:79,66,1,2
BRDA:85,104,0,1
BRDA:85,104,1,1
FN:104,System.Void Users.Business.Services.UserService::Delete(System.Guid)
FNDA:2,System.Void Users.Business.Services.UserService::Delete(System.Guid)
DA:105,2
DA:106,2
DA:108,2
DA:109,1
DA:110,1
DA:111,1
DA:113,1
DA:114,2
BRDA:108,20,0,1
BRDA:108,20,1,1
FN:13,System.Void Users.Business.Services.UserService::.ctor(Users.Business.Interfaces.IUserRepository,Users.Business.Interfaces.INotifier)
FNDA:11,System.Void Users.Business.Services.UserService::.ctor(Users.Business.Interfaces.IUserRepository,Users.Business.Interfaces.INotifier)
DA:14,11
DA:15,11
DA:16,11
DA:17,11
LF:73
LH:73
BRF:12
BRH:12
FNF:6
FNH:6
end_of_record
SF:C:\Repos\UsersCrud\Users\Users.Business\Notifications\Notification.cs
FN:9,System.String Users.Business.Notifications.Notification::get_Message()
FNDA:6,System.String Users.Business.Notifications.Notification::get_Message()
DA:10,6
FN:4,System.Void Users.Business.Notifications.Notification::.ctor(System.String)
FNDA:6,System.Void Users.Business.Notifications.Notification::.ctor(System.String)
DA:5,6
DA:6,6
DA:7,6
DA:8,6
LF:5
LH:5
BRF:0
BRH:0
FNF:2
FNH:2
end_of_record
SF:C:\Repos\UsersCrud\Users\Users.Business\Notifications\Notifier.cs
FN:16,System.Collections.Generic.List`1<Users.Business.Notifications.Notification> Users.Business.Notifications.Notifier::GetNotifications()
FNDA:0,System.Collections.Generic.List`1<Users.Business.Notifications.Notification> Users.Business.Notifications.Notifier::GetNotifications()
DA:17,0
DA:18,0
DA:19,0
FN:21,System.Void Users.Business.Notifications.Notifier::Handle(Users.Business.Notifications.Notification)
FNDA:0,System.Void Users.Business.Notifications.Notifier::Handle(Users.Business.Notifications.Notification)
DA:22,0
DA:23,0
DA:24,0
FN:26,System.Boolean Users.Business.Notifications.Notifier::HasNotification()
FNDA:0,System.Boolean Users.Business.Notifications.Notifier::HasNotification()
DA:27,0
DA:28,0
DA:29,0
FN:10,System.Void Users.Business.Notifications.Notifier::.ctor()
FNDA:0,System.Void Users.Business.Notifications.Notifier::.ctor()
DA:11,0
DA:12,0
DA:13,0
DA:14,0
LF:13
LH:0
BRF:0
BRH:0
FNF:4
FNH:0
end_of_record
SF:C:\Repos\UsersCrud\Users\Users.Business\Models\Entity.cs
FN:11,System.Guid Users.Business.Models.Entity::get_Id()
FNDA:47,System.Guid Users.Business.Models.Entity::get_Id()
DA:12,47
FN:6,System.Void Users.Business.Models.Entity::.ctor()
FNDA:20,System.Void Users.Business.Models.Entity::.ctor()
DA:7,20
DA:8,20
DA:9,20
DA:10,20
LF:5
LH:5
BRF:0
BRH:0
FNF:2
FNH:2
end_of_record
SF:C:\Repos\UsersCrud\Users\Users.Business\Models\User.cs
FN:14,System.String Users.Business.Models.User::get_Name()
FNDA:29,System.String Users.Business.Models.User::get_Name()
DA:15,29
FN:15,System.String Users.Business.Models.User::get_Login()
FNDA:29,System.String Users.Business.Models.User::get_Login()
DA:16,29
FN:16,System.String Users.Business.Models.User::get_Password()
FNDA:31,System.String Users.Business.Models.User::get_Password()
DA:17,31
FN:19,System.Boolean Users.Business.Models.User::ValidatePassword(System.String)
FNDA:7,System.Boolean Users.Business.Models.User::ValidatePassword(System.String)
DA:20,7
DA:21,7
DA:22,7
FN:24,System.Void Users.Business.Models.User::ChangePassword(System.String)
FNDA:22,System.Void Users.Business.Models.User::ChangePassword(System.String)
DA:25,22
DA:26,22
DA:27,22
FN:29,System.Void Users.Business.Models.User::ChangeName(System.String)
FNDA:2,System.Void Users.Business.Models.User::ChangeName(System.String)
DA:30,2
DA:31,2
DA:32,2
FN:6,System.Void Users.Business.Models.User::.ctor(System.Guid,System.String,System.String,System.String)
FNDA:20,System.Void Users.Business.Models.User::.ctor(System.Guid,System.String,System.String,System.String)
DA:7,20
DA:8,20
DA:9,20
DA:10,20
DA:11,20
DA:12,20
DA:13,20
LF:19
LH:19
BRF:0
BRH:0
FNF:7
FNH:7
end_of_record
SF:C:\Repos\UsersCrud\Users\Users.Business\Contracts\LoginDto.cs
FN:4,System.String Users.Business.Contracts.LoginDto::get_Login()
FNDA:8,System.String Users.Business.Contracts.LoginDto::get_Login()
DA:5,8
FN:5,System.String Users.Business.Contracts.LoginDto::get_Password()
FNDA:7,System.String Users.Business.Contracts.LoginDto::get_Password()
DA:6,7
LF:2
LH:2
BRF:0
BRH:0
FNF:2
FNH:2
end_of_record
SF:C:\Repos\UsersCrud\Users\Users.Business\Contracts\UserCreateDto.cs
FN:4,System.String Users.Business.Contracts.UserCreateDto::get_Name()
FNDA:3,System.String Users.Business.Contracts.UserCreateDto::get_Name()
DA:5,3
FN:5,System.String Users.Business.Contracts.UserCreateDto::get_Login()
FNDA:3,System.String Users.Business.Contracts.UserCreateDto::get_Login()
DA:6,3
FN:6,System.String Users.Business.Contracts.UserCreateDto::get_Password()
FNDA:3,System.String Users.Business.Contracts.UserCreateDto::get_Password()
DA:7,3
LF:3
LH:3
BRF:0
BRH:0
FNF:3
FNH:3
end_of_record
SF:C:\Repos\UsersCrud\Users\Users.Business\Contracts\UserDto.cs
FN:6,System.Guid Users.Business.Contracts.UserDto::get_Id()
FNDA:8,System.Guid Users.Business.Contracts.UserDto::get_Id()
DA:7,8
FN:7,System.String Users.Business.Contracts.UserDto::get_Name()
FNDA:12,System.String Users.Business.Contracts.UserDto::get_Name()
DA:8,12
FN:8,System.String Users.Business.Contracts.UserDto::get_Login()
FNDA:12,System.String Users.Business.Contracts.UserDto::get_Login()
DA:9,12
LF:3
LH:3
BRF:0
BRH:0
FNF:3
FNH:3
end_of_record
SF:C:\Repos\UsersCrud\Users\Users.Business\Contracts\UserEditDto.cs
FN:6,System.Guid Users.Business.Contracts.UserEditDto::get_Id()
FNDA:8,System.Guid Users.Business.Contracts.UserEditDto::get_Id()
DA:7,8
FN:7,System.String Users.Business.Contracts.UserEditDto::get_Name()
FNDA:5,System.String Users.Business.Contracts.UserEditDto::get_Name()
DA:8,5
FN:8,System.String Users.Business.Contracts.UserEditDto::get_OldPassword()
FNDA:6,System.String Users.Business.Contracts.UserEditDto::get_OldPassword()
DA:9,6
FN:9,System.String Users.Business.Contracts.UserEditDto::get_NewPassword()
FNDA:8,System.String Users.Business.Contracts.UserEditDto::get_NewPassword()
DA:10,8
FN:10,System.String Users.Business.Contracts.UserEditDto::get_NewPasswordConfirm()
FNDA:7,System.String Users.Business.Contracts.UserEditDto::get_NewPasswordConfirm()
DA:11,7
LF:5
LH:5
BRF:0
BRH:0
FNF:5
FNH:5
end_of_record